  CadastradorJogadas.cpp
  Jogo.cpp
C:\Users\Gustavo\Desktop\CubeAdventure\JogoTecProg\Jogo.cpp(344,25): warning C4244: 'argumento': conversão de 'double' para 'float', possível perda de dados
C:\Users\Gustavo\Desktop\CubeAdventure\JogoTecProg\Jogo.cpp(382,54): warning C4244: 'argumento': conversão de 'float' para 'int', possível perda de dados
C:\Users\Gustavo\Desktop\CubeAdventure\JogoTecProg\Jogo.cpp(382,66): warning C4244: 'argumento': conversão de 'float' para 'int', possível perda de dados
  Menu.cpp
C:\Users\Gustavo\Desktop\CubeAdventure\JogoTecProg\Menu.cpp(13,14): warning C4244: 'inicializando': conversão de 'T' para 'float', possível perda de dados
          with
          [
              T=unsigned int
          ]
C:\Users\Gustavo\Desktop\CubeAdventure\JogoTecProg\Menu.cpp(14,15): warning C4244: 'inicializando': conversão de 'T' para 'float', possível perda de dados
          with
          [
              T=unsigned int
          ]
  MenuFases.cpp
  MenuJogadores.cpp
  MenuPause.cpp
  MenuPrincipal.cpp
  MenuRanking.cpp
  main.cpp
  Gerando Código...
  JogoTecProg.vcxproj -> C:\Users\Gustavo\Desktop\CubeAdventure\Debug\JogoTecProg.exe
